make all --print-data-base --no-builtin-variables --no-builtin-rules --question
# GNU Make 3.81
# Copyright (C) 2006  Free Software Foundation, Inc.
# This is free software; see the source for copying conditions.
# There is NO warranty; not even for MERCHANTABILITY or FITNESS FOR A
# PARTICULAR PURPOSE.

# This program built for i386-apple-darwin11.3.0

# Make data base, printed on Tue Oct  4 23:09:16 2022

# Variables

# automatic
<D = $(patsubst %/,%,$(dir $<))
# automatic
?F = $(notdir $?)
# automatic
?D = $(patsubst %/,%,$(dir $?))
# automatic
@D = $(patsubst %/,%,$(dir $@))
# automatic
@F = $(notdir $@)
# makefile
CURDIR := /Users/asuvorkin/projects/algorithms-php-vs-go
# makefile
SHELL = /bin/sh
# environment
VSCODE_NLS_CONFIG = {"locale":"ru","availableLanguages":{"*":"ru"},"_languagePackId":"e2673fac9b3b0beb38d486c37331d2f9.ru","_translationsConfigFile":"/Users/asuvorkin/Library/Application Support/Code/clp/e2673fac9b3b0beb38d486c37331d2f9.ru/tcf.json","_cacheRoot":"/Users/asuvorkin/Library/Application Support/Code/clp/e2673fac9b3b0beb38d486c37331d2f9.ru","_resolvedLanguagePackCoreLocation":"/Users/asuvorkin/Library/Application Support/Code/clp/e2673fac9b3b0beb38d486c37331d2f9.ru/e4503b30fc78200f846c62cf8091b76ff5547662","_corruptedFile":"/Users/asuvorkin/Library/Application Support/Code/clp/e2673fac9b3b0beb38d486c37331d2f9.ru/corrupted.info","_languagePackSupport":true}
# environment
_ = /usr/bin/make
# makefile (from `Makefile', line 1)
MAKEFILE_LIST :=  Makefile
# environment
__CFBundleIdentifier = com.microsoft.VSCode
# environment
INFOPATH = /opt/homebrew/share/info:
# environment
VSCODE_CWD = /
# environment
PATH = /opt/homebrew/bin:/opt/homebrew/sbin:/usr/local/bin:/usr/bin:/bin:/usr/sbin:/sbin:/usr/local/go/bin:/Users/asuvorkin/Library/Application Support/JetBrains/Toolbox/scripts
# environment
ELECTRON_RUN_AS_NODE = 1
# default
.FEATURES := target-specific order-only second-expansion else-if archives jobserver check-symlink
# environment
SSH_AUTH_SOCK = /private/tmp/com.apple.launchd.aQodfLUimc/Listeners
# automatic
%F = $(notdir $%)
# environment
PWD = /Users/asuvorkin/projects/algorithms-php-vs-go
# environment
HOMEBREW_CELLAR = /opt/homebrew/Cellar
# environment
ORIGINAL_XDG_CURRENT_DESKTOP = undefined
# environment
MANPATH = /opt/homebrew/share/man::
# environment
VSCODE_AMD_ENTRYPOINT = vs/workbench/api/node/extensionHostProcess
# environment
HOME = /Users/asuvorkin
# default
MAKEFILEPATH = $(shell /usr/bin/xcode-select -print-path 2>/dev/null || echo /Developer)/Makefiles
# environment
VSCODE_CODE_CACHE_PATH = /Users/asuvorkin/Library/Application Support/Code/CachedData/e4503b30fc78200f846c62cf8091b76ff5547662
# environment
LOGNAME = asuvorkin
# environment
APPLICATION_INSIGHTS_NO_DIAGNOSTIC_CHANNEL = 1
# environment
VSCODE_HANDLES_UNCAUGHT_ERRORS = true
# automatic
^D = $(patsubst %/,%,$(dir $^))
# environment
XPC_FLAGS = 0x0
# default
MAKE = $(MAKE_COMMAND)
# default
MAKECMDGOALS := all
# environment
SHLVL = 1
# default
MAKE_VERSION := 3.81
# environment
USER = asuvorkin
# makefile
.DEFAULT_GOAL := queue-php
# automatic
%D = $(patsubst %/,%,$(dir $%))
# default
MAKE_COMMAND := /Library/Developer/CommandLineTools/usr/bin/make
# default
.VARIABLES := 
# environment
TMPDIR = /var/folders/6x/w_vmzmwd4mq9ltvwn7x8szj80000gp/T/
# automatic
*F = $(notdir $*)
# environment
VSCODE_IPC_HOOK = /Users/asuvorkin/Library/Application Support/Code/1.70.2-main.sock
# environment
MallocNanoZone = 0
# makefile
MAKEFLAGS = Rrqp
# environment
MFLAGS = -Rrqp
# automatic
*D = $(patsubst %/,%,$(dir $*))
# environment
XPC_SERVICE_NAME = application.com.microsoft.VSCode.39863493.39863500
# environment
HOMEBREW_PREFIX = /opt/homebrew
# automatic
+D = $(patsubst %/,%,$(dir $+))
# automatic
+F = $(notdir $+)
# environment
HOMEBREW_REPOSITORY = /opt/homebrew
# environment
__CF_USER_TEXT_ENCODING = 0x1F6:0x7:0x31
# environment
COMMAND_MODE = unix2003
# default
MAKEFILES := 
# automatic
<F = $(notdir $<)
# environment
LC_ALL = C
# automatic
^F = $(notdir $^)
# default
SUFFIXES := 
# default
.INCLUDE_DIRS = /usr/local/include
# environment
MAKELEVEL := 0
# environment
LANG = C
# environment
VSCODE_PID = 30724
# variable set hash-table stats:
# Load=63/1024=6%, Rehash=0, Collisions=1/87=1%

# Pattern-specific Variable Values

# No pattern-specific variable values.

# Directories

# . (device 16777231, inode 7137410): 11 files, no impossibilities.

# 11 files, no impossibilities in 1 directories.

# Implicit Rules

# No implicit rules.

# Files

stack-php:
#  Phony target (prerequisite of .PHONY).
#  Implicit rule search has not been done.
#  File does not exist.
#  File has not been updated.
#  commands to execute (from `Makefile', line 15):
	docker build -t algorithm-stack-php stack/php/.
	clear
	docker run algorithm-stack-php
	

# Not a target:
all:
#  Command-line target.
#  Implicit rule search has been done.
#  File does not exist.
#  File has not been updated.
# variable set hash-table stats:
# Load=0/32=0%, Rehash=0, Collisions=0/0=0%

.PHONY: queue-php queue-go stack-php stack-go
#  Implicit rule search has not been done.
#  Modification time never checked.
#  File has not been updated.

queue-php:
#  Phony target (prerequisite of .PHONY).
#  Implicit rule search has not been done.
#  File does not exist.
#  File has not been updated.
#  commands to execute (from `Makefile', line 3):
	docker build -t algorithm-queue-php queue/php/.
	clear
	docker run algorithm-queue-php
	

# Not a target:
.SUFFIXES:
#  Implicit rule search has not been done.
#  Modification time never checked.
#  File has not been updated.

# Not a target:
Makefile:
#  Implicit rule search has been done.
#  Last modified 2022-05-04 02:07:11
#  File has been updated.
#  Successfully updated.
# variable set hash-table stats:
# Load=0/32=0%, Rehash=0, Collisions=0/0=0%

stack-go:
#  Phony target (prerequisite of .PHONY).
#  Implicit rule search has not been done.
#  File does not exist.
#  File has not been updated.
#  commands to execute (from `Makefile', line 21):
	docker build -t algorithm-stack-go stack/go/.
	clear
	docker run algorithm-stack-go
	

# Not a target:
.DEFAULT:
#  Implicit rule search has not been done.
#  Modification time never checked.
#  File has not been updated.

queue-go:
#  Phony target (prerequisite of .PHONY).
#  Implicit rule search has not been done.
#  File does not exist.
#  File has not been updated.
#  commands to execute (from `Makefile', line 9):
	docker build -t algorithm-queue-go queue/go/.
	clear
	docker run algorithm-queue-go
	

# files hash-table stats:
# Load=9/1024=1%, Rehash=0, Collisions=0/28=0%
# VPATH Search Paths

# No `vpath' search paths.

# No general (`VPATH' variable) search path.

# # of strings in strcache: 1
# # of strcache buffers: 1
# strcache size: total = 4096 / max = 4096 / min = 4096 / avg = 4096
# strcache free: total = 4087 / max = 4087 / min = 4087 / avg = 4087

# Finished Make data base on Tue Oct  4 23:09:16 2022

 
make: *** No rule to make target `all'.  Stop.

